1489172867 4.85453796386719
1489172927 4.85478591918945
1489172987 4.85506820678711
1489173047 4.85531997680664
1489173107 4.85575485229492
1489173167 4.85549926757812
1489173227 4.85551834106445
1489173287 4.85601043701172
1489173347 4.85627746582031
1489173407 4.85652542114258
1489173467 4.85687637329102
1489173527 4.85699081420898
1489173587 4.86715316772461
1489173647 4.8679084777832
1489173707 4.86794662475586
1489173767 4.86845016479492
1489173827 4.86860656738281
1489173887 4.86878967285156
1489173947 4.86928558349609
1489174007 4.86988067626953
1489174067 4.86992645263672
1489174127 4.87061309814453
1489174187 4.87104415893555
1489174247 4.87123489379883
1489174307 4.87140655517578
1489174367 4.87184143066406
1489174427 4.87233734130859
1489174487 4.8725471496582
1489174547 4.87286376953125
1489174607 4.87306976318359
1489174667 4.87328338623047
1489174727 4.87364196777344
1489174787 4.87384414672852
1489174847 4.87454223632812
1489174907 4.87465286254883
1489174967 4.87528991699219
1489175027 4.87553405761719
1489175087 4.87553405761719
1489175147 4.87578201293945
1489175207 4.87691879272461
1489175267 4.87738418579102
1489175327 4.87797546386719
1489175387 4.87790679931641
1489175447 4.87842178344727
1489175507 4.87861633300781
1489175567 6.75101852416992
1489175627 8.62353515625
1489175687 0
1489175747 0
1489175807 0
1489175867 0
