1489172867 4.88882064819336
1489172927 4.89387893676758
1489172987 4.88473892211914
1489173047 4.89206314086914
1489173107 4.88302993774414
1489173167 4.88739013671875
1489173227 4.89437484741211
1489173287 4.89421463012695
1489173347 4.89397430419922
1489173407 4.87892532348633
1489173467 4.89154434204102
1489173527 4.89055252075195
1489173587 4.89201736450195
1489173647 4.89055252075195
1489173707 4.88059997558594
1489173767 4.88594055175781
1489173827 4.88957595825195
1489173887 4.87569427490234
1489173947 4.88301086425781
1489174007 4.88944244384766
1489174067 4.88982772827148
1489174127 4.89208221435547
1489174187 4.88647079467773
1489174247 4.89349365234375
1489174307 4.88983917236328
1489174367 4.8913459777832
1489174427 4.89229583740234
1489174487 4.89009094238281
1489174547 4.89009094238281
1489174607 4.89057922363281
1489174667 4.89253234863281
1489174727 4.88130187988281
1489174787 4.88412094116211
1489174847 4.89204406738281
1489174907 4.87471008300781
1489174967 4.8832893371582
1489175027 4.89146423339844
1489175087 4.87593078613281
1489175147 4.87988662719727
1489175207 4.89033508300781
1489175267 4.88874816894531
1489175327 4.89009094238281
1489175387 4.88789367675781
1489175447 4.87446594238281
1489175507 4.88815307617188
1489175567 4.88940811157227
1489175627 4.88940811157227
1489175687 6.13792419433594
1489175747 4.88962173461914
1489175807 4.88962173461914
1489175867 4.88962173461914
